<?xml version="1.0" encoding="UTF-8"?>
<!-- Generated by org.testng.reporters.JUnitXMLReporter -->
<testsuite ignored="1" hostname="home-PC" failures="0" tests="1" name="Test_Runner2" time="38.38" errors="0" timestamp="2021-11-17T10:35:00 IST">
  <testcase classname="com.VtigerProducts.TestCases.AllTestCasesclassTest" name="searchbyClickingOnCHARCTER" time="17.302"/>
  <testcase classname="com.VtigerProducts.TestCases.AllTestCasesclassTest" name="searchingbyEnteringSearchBOX" time="0.0">
    <ignored/>
  </testcase> <!-- searchingbyEnteringSearchBOX -->
</testsuite> <!-- Test_Runner2 -->
