<?xml version="1.0" encoding="UTF-8"?>
<!-- Generated by org.testng.reporters.JUnitXMLReporter -->
<testsuite ignored="1" hostname="home-PC" failures="0" tests="1" name="Test_Runner1" time="34.72" errors="0" timestamp="2021-11-02T13:04:27 IST">
  <testcase classname="com.VtigerProducts.TestCases.AllTestCasesclass" name="searchingbyEnteringSearchBOX" time="6.966"/>
  <testcase classname="com.VtigerProducts.TestCases.AllTestCasesclass" name="searchbyClickingOnCHARCTER" time="0.0">
    <ignored/>
  </testcase> <!-- searchbyClickingOnCHARCTER -->
</testsuite> <!-- Test_Runner1 -->
