<?xml version="1.0" encoding="UTF-8"?>
<!-- Generated by org.testng.reporters.JUnitXMLReporter -->
<testsuite ignored="1" hostname="home-PC" failures="0" tests="1" name="Test_Runner2" time="46.183" errors="0" timestamp="2021-11-02T13:04:39 IST">
  <testcase classname="com.VtigerProducts.TestCases.AllTestCasesclass" name="searchbyClickingOnCHARCTER" time="18.216"/>
  <testcase classname="com.VtigerProducts.TestCases.AllTestCasesclass" name="searchingbyEnteringSearchBOX" time="0.0">
    <ignored/>
  </testcase> <!-- searchingbyEnteringSearchBOX -->
</testsuite> <!-- Test_Runner2 -->
