<?xml version="1.0" encoding="UTF-8"?>
<!-- Generated by org.testng.reporters.JUnitXMLReporter -->
<testsuite ignored="1" hostname="home-PC" failures="0" tests="1" name="Test_Runner1" time="27.742" errors="0" timestamp="2021-11-17T10:34:50 IST">
  <testcase classname="com.VtigerProducts.TestCases.AllTestCasesclassTest" name="searchingbyEnteringSearchBOX" time="6.095"/>
  <testcase classname="com.VtigerProducts.TestCases.AllTestCasesclassTest" name="searchbyClickingOnCHARCTER" time="0.0">
    <ignored/>
  </testcase> <!-- searchbyClickingOnCHARCTER -->
</testsuite> <!-- Test_Runner1 -->
